<?xml version="1.0" encoding="UTF-8"?>
<testng-results ignored="0" total="1" passed="1" failed="0" skipped="0">
  <reporter-output>
  </reporter-output>
  <suite started-at="2024-03-13T14:50:46 PKT" name="Default suite" finished-at="2024-03-13T14:50:51 PKT" duration-ms="5189">
    <groups>
    </groups>
    <test started-at="2024-03-13T14:50:46 PKT" name="Default test" finished-at="2024-03-13T14:50:51 PKT" duration-ms="5189">
      <class name="test_cases.logs">
        <test-method is-config="true" signature="setUp()[pri:0, instance:test_cases.logs@5890e879]" started-at="2024-03-13T14:50:46 PKT" name="setUp" finished-at="2024-03-13T14:50:47 PKT" duration-ms="1269" status="PASS">
          <reporter-output>
          </reporter-output>
        </test-method> <!-- setUp -->
        <test-method signature="print()[pri:0, instance:test_cases.logs@5890e879]" started-at="2024-03-13T14:50:47 PKT" name="print" finished-at="2024-03-13T14:50:51 PKT" duration-ms="3760" status="PASS">
          <reporter-output>
          </reporter-output>
        </test-method> <!-- print -->
        <test-method is-config="true" signature="close()[pri:0, instance:test_cases.logs@5890e879]" started-at="2024-03-13T14:50:51 PKT" name="close" finished-at="2024-03-13T14:50:51 PKT" duration-ms="130" status="PASS">
          <reporter-output>
          </reporter-output>
        </test-method> <!-- close -->
      </class> <!-- test_cases.logs -->
    </test> <!-- Default test -->
  </suite> <!-- Default suite -->
</testng-results>
